<?xml version="1.0" encoding="UTF-8"?>
<testsuite xmlns:xsi="http://www.w3.org/2001/XMLSchema-instance" xsi:noNamespaceSchemaLocation="https://maven.apache.org/surefire/maven-surefire-plugin/xsd/surefire-test-report-3.0.xsd" version="3.0" name="br.ce.wcaquino.servicos.CalculadoraMockTest" time="0.369" tests="2" errors="0" skipped="0" failures="0">
  <properties>
[...]
</properties>
  <testcase name="devoMostrarDiferencaEntreMockSpy" classname="br.ce.wcaquino.servicos.CalculadoraMockTest" time="0.369">
    <system-out><![CDATA[Mock:0
Spy:4
Mock
Spy
]]></system-out>
  </testcase>
  <testcase name="teste" classname="br.ce.wcaquino.servicos.CalculadoraMockTest" time="0.224"/>
</testsuite>